/home/tps/.rvm/gems/ruby-2.5.5/gems/railties-5.2.3/lib/rails/application.rb:585:in `validate_secret_key_base': Missing `secret_key_base` for 'production' environment, set this string with `rails credentials:edit` (ArgumentError)
	from /home/tps/.rvm/gems/ruby-2.5.5/gems/railties-5.2.3/lib/rails/application.rb:432:in `secret_key_base'
	from /home/tps/.rvm/gems/ruby-2.5.5/gems/devise-4.7.0/lib/devise/secret_key_finder.rb:24:in `key_exists?'
	from /home/tps/.rvm/gems/ruby-2.5.5/gems/devise-4.7.0/lib/devise/secret_key_finder.rb:16:in `find'
	from /home/tps/.rvm/gems/ruby-2.5.5/gems/devise-4.7.0/lib/devise/rails.rb:37:in `block in <class:Engine>'
	from /home/tps/.rvm/gems/ruby-2.5.5/gems/railties-5.2.3/lib/rails/initializable.rb:32:in `instance_exec'
	from /home/tps/.rvm/gems/ruby-2.5.5/gems/railties-5.2.3/lib/rails/initializable.rb:32:in `run'
	from /home/tps/.rvm/gems/ruby-2.5.5/gems/railties-5.2.3/lib/rails/initializable.rb:61:in `block in run_initializers'
	from /home/tps/.rvm/rubies/ruby-2.5.5/lib/ruby/2.5.0/tsort.rb:228:in `block in tsort_each'
	from /home/tps/.rvm/rubies/ruby-2.5.5/lib/ruby/2.5.0/tsort.rb:350:in `block (2 levels) in each_strongly_connected_component'
	from /home/tps/.rvm/rubies/ruby-2.5.5/lib/ruby/2.5.0/tsort.rb:431:in `each_strongly_connected_component_from'
	from /home/tps/.rvm/rubies/ruby-2.5.5/lib/ruby/2.5.0/tsort.rb:349:in `block in each_strongly_connected_component'
	from /home/tps/.rvm/rubies/ruby-2.5.5/lib/ruby/2.5.0/tsort.rb:347:in `each'
	from /home/tps/.rvm/rubies/ruby-2.5.5/lib/ruby/2.5.0/tsort.rb:347:in `call'
	from /home/tps/.rvm/rubies/ruby-2.5.5/lib/ruby/2.5.0/tsort.rb:347:in `each_strongly_connected_component'
	from /home/tps/.rvm/rubies/ruby-2.5.5/lib/ruby/2.5.0/tsort.rb:226:in `tsort_each'
	from /home/tps/.rvm/rubies/ruby-2.5.5/lib/ruby/2.5.0/tsort.rb:205:in `tsort_each'
	from /home/tps/.rvm/gems/ruby-2.5.5/gems/railties-5.2.3/lib/rails/initializable.rb:60:in `run_initializers'
	from /home/tps/.rvm/gems/ruby-2.5.5/gems/railties-5.2.3/lib/rails/application.rb:361:in `initialize!'
	from /home/tps/sites/tps_hrms/config/environment.rb:5:in `<top (required)>'
	from /home/tps/.rvm/gems/ruby-2.5.5/gems/bootsnap-1.4.5/lib/bootsnap/load_path_cache/core_ext/kernel_require.rb:22:in `require'
	from /home/tps/.rvm/gems/ruby-2.5.5/gems/bootsnap-1.4.5/lib/bootsnap/load_path_cache/core_ext/kernel_require.rb:22:in `block in require_with_bootsnap_lfi'
	from /home/tps/.rvm/gems/ruby-2.5.5/gems/bootsnap-1.4.5/lib/bootsnap/load_path_cache/loaded_features_index.rb:92:in `register'
	from /home/tps/.rvm/gems/ruby-2.5.5/gems/bootsnap-1.4.5/lib/bootsnap/load_path_cache/core_ext/kernel_require.rb:21:in `require_with_bootsnap_lfi'
	from /home/tps/.rvm/gems/ruby-2.5.5/gems/bootsnap-1.4.5/lib/bootsnap/load_path_cache/core_ext/kernel_require.rb:30:in `require'
	from /home/tps/.rvm/gems/ruby-2.5.5/gems/activesupport-5.2.3/lib/active_support/dependencies.rb:291:in `block in require'
	from /home/tps/.rvm/gems/ruby-2.5.5/gems/activesupport-5.2.3/lib/active_support/dependencies.rb:257:in `load_dependency'
	from /home/tps/.rvm/gems/ruby-2.5.5/gems/activesupport-5.2.3/lib/active_support/dependencies.rb:291:in `require'
	from /home/tps/.rvm/gems/ruby-2.5.5/gems/spring-2.1.0/lib/spring/application.rb:106:in `preload'
	from /home/tps/.rvm/gems/ruby-2.5.5/gems/spring-2.1.0/lib/spring/application.rb:157:in `serve'
	from /home/tps/.rvm/gems/ruby-2.5.5/gems/spring-2.1.0/lib/spring/application.rb:145:in `block in run'
	from /home/tps/.rvm/gems/ruby-2.5.5/gems/spring-2.1.0/lib/spring/application.rb:139:in `loop'
	from /home/tps/.rvm/gems/ruby-2.5.5/gems/spring-2.1.0/lib/spring/application.rb:139:in `run'
	from /home/tps/.rvm/gems/ruby-2.5.5/gems/spring-2.1.0/lib/spring/application/boot.rb:19:in `<top (required)>'
	from /home/tps/.rvm/rubies/ruby-2.5.5/lib/ruby/site_ruby/2.5.0/rubygems/core_ext/kernel_require.rb:54:in `require'
	from /home/tps/.rvm/rubies/ruby-2.5.5/lib/ruby/site_ruby/2.5.0/rubygems/core_ext/kernel_require.rb:54:in `require'
	from -e:1:in `<main>'
Running via Spring preloader in process 28501
Running via Spring preloader in process 28759
